{
  "RSpec": {
    "coverage": {
      "/home/pengmz/work/self_learning/chinese_money/lib/chinese_money.rb": [
        1,
        null,
        null,
        1,
        1,
        null,
        1,
        15,
        15,
        15,
        15,
        15,
        15,
        15,
        15,
        15,
        15,
        15,
        15,
        null,
        null,
        15,
        null,
        null,
        13,
        null,
        null,
        12,
        12,
        null,
        12,
        9,
        9,
        9,
        null,
        null,
        12,
        1,
        1,
        1,
        null,
        null,
        12,
        73,
        null,
        61,
        61,
        27,
        27,
        27,
        27,
        27,
        27,
        null,
        34,
        34,
        34,
        10,
        24,
        2,
        null,
        34,
        null,
        61,
        61,
        null,
        12,
        12,
        12,
        null,
        null
      ],
      "/home/pengmz/work/self_learning/chinese_money/lib/chinese_money/version.rb": [
        0,
        0,
        0
      ]
    },
    "timestamp": 1575967773
  }
}
