{
  "RSpec": {
    "coverage": {
      "/Users/killernova/code/chinese_money/lib/chinese_money.rb": [
        1,
        null,
        null,
        1,
        1,
        null,
        1,
        1,
        1,
        1,
        1,
        1,
        null,
        1,
        15,
        15,
        15,
        15,
        13,
        null,
        12,
        12,
        12,
        null,
        null,
        12,
        12,
        12,
        12,
        19,
        19,
        null,
        12,
        19,
        19,
        null,
        12,
        12,
        null,
        null,
        3,
        5,
        null,
        3,
        3,
        null,
        null,
        null,
        1,
        19,
        19,
        56,
        56,
        null,
        19,
        32,
        null,
        19,
        null,
        null
      ],
      "/Users/killernova/code/chinese_money/lib/chinese_money/version.rb": [
        0,
        0,
        0
      ]
    },
    "timestamp": 1578556588
  }
}
